
[Sat, 22 Feb 2025 17:16:25 GMT] 
info: Server listening on http://localhost:8000

[Sat, 22 Feb 2025 17:34:35 GMT] 
info: Database connected

[Sat, 22 Feb 2025 17:34:35 GMT] 
info: Server listening on http://localhost:8000

[Sat, 22 Feb 2025 17:34:50 GMT] 
info: Database connected

[Sat, 22 Feb 2025 17:35:15 GMT] 
info: Database connected

[Sat, 22 Feb 2025 17:35:15 GMT] 
info: Server listening on http://localhost:2

[Sat, 22 Feb 2025 17:35:53 GMT] 
info: Database connected

[Sat, 22 Feb 2025 17:35:54 GMT] 
info: Database connected

[Sat, 22 Feb 2025 17:35:54 GMT] 
error: ERR_STARTING_BACKEND RangeError [ERR_SOCKET_BAD_PORT]: options.port should be >= 0 and < 65536. Received type number (500000).

[Sat, 22 Feb 2025 17:36:29 GMT] 
info: Database connected

[Sat, 22 Feb 2025 17:36:35 GMT] 
info: Database connected

[Sat, 22 Feb 2025 17:36:35 GMT] 
info: Server listening on http://localhost:8000

[Sat, 22 Feb 2025 17:37:49 GMT] 
info: Database connected

[Sat, 22 Feb 2025 17:37:49 GMT] 
info: Server listening on http://localhost:8000

[Sat, 22 Feb 2025 17:38:13 GMT] 
info: Database connected

[Sat, 22 Feb 2025 17:38:13 GMT] 
info: Server listening on http://localhost:8000

[Sat, 22 Feb 2025 17:39:05 GMT] 
info: Database connected

[Sat, 22 Feb 2025 17:39:05 GMT] 
info: Server listening on http://localhost:8000

[Sat, 22 Feb 2025 17:39:33 GMT] 
info: Database connected

[Sat, 22 Feb 2025 17:39:33 GMT] 
info: Server listening on http://localhost:8000

[Sat, 22 Feb 2025 17:39:50 GMT] 
info: Database connected

[Sat, 22 Feb 2025 17:39:50 GMT] 
info: Server listening on http://localhost:8000

[Sat, 22 Feb 2025 17:45:53 GMT] 
info: Database connected

[Sat, 22 Feb 2025 17:45:53 GMT] 
info: Server listening on http://localhost:8000

[Sat, 22 Feb 2025 17:51:06 GMT] 
info: Database connected

[Sat, 22 Feb 2025 17:51:06 GMT] 
info: Server listening on http://localhost:8000

[Sat, 22 Feb 2025 17:52:32 GMT] 
info: Database connected

[Sat, 22 Feb 2025 17:52:32 GMT] 
info: Server listening on http://localhost:8000

[Sat, 22 Feb 2025 17:58:02 GMT] 
info: Database connected

[Sat, 22 Feb 2025 17:58:02 GMT] 
info: Server listening on http://localhost:8000

[Sat, 22 Feb 2025 17:59:29 GMT] 
info: Database connected

[Sat, 22 Feb 2025 17:59:29 GMT] 
info: Server listening on http://localhost:8000

[Sat, 22 Feb 2025 17:59:30 GMT] 
info: ERR_WHILE_PARSING_QUERY [
  {
    "code": "invalid_type",
    "expected": "object",
    "received": "string",
    "path": [],
    "message": "Expected object, received string"
  }
]

[Sat, 22 Feb 2025 18:00:20 GMT] 
info: Database connected

[Sat, 22 Feb 2025 18:00:20 GMT] 
info: Server listening on http://localhost:8000

[Sat, 22 Feb 2025 18:00:49 GMT] 
info: Database connected

[Sat, 22 Feb 2025 18:00:49 GMT] 
info: Server listening on http://localhost:8000

[Sat, 22 Feb 2025 18:01:09 GMT] 
info: Database connected

[Sat, 22 Feb 2025 18:01:09 GMT] 
info: Server listening on http://localhost:8000

[Sat, 22 Feb 2025 18:01:15 GMT] 
info: Database connected

[Sat, 22 Feb 2025 18:01:15 GMT] 
info: Server listening on http://localhost:8000

[Sat, 22 Feb 2025 18:01:20 GMT] 
info: ERR_WHILE_PARSING_QUERY [
  {
    "code": "invalid_type",
    "expected": "object",
    "received": "string",
    "path": [],
    "message": "Expected object, received string"
  }
]

[Sat, 22 Feb 2025 18:04:20 GMT] 
info: Database connected

[Sat, 22 Feb 2025 18:04:20 GMT] 
info: Server listening on http://localhost:8000

[Sat, 22 Feb 2025 18:04:43 GMT] 
info: Database connected

[Sat, 22 Feb 2025 18:04:43 GMT] 
info: Server listening on http://localhost:8000

[Sat, 22 Feb 2025 18:05:15 GMT] 
info: ERR_WHILE_PARSING_QUERY [
  {
    "code": "invalid_type",
    "expected": "object",
    "received": "undefined",
    "path": [
      "filters"
    ],
    "message": "Required"
  },
  {
    "code": "unrecognized_keys",
    "keys": [
      "age"
    ],
    "path": [],
    "message": "Unrecognized key(s) in object: 'age'"
  }
]

[Sat, 22 Feb 2025 18:06:50 GMT] 
info: Database connected

[Sat, 22 Feb 2025 18:06:50 GMT] 
info: Server listening on http://localhost:8000

[Sat, 22 Feb 2025 18:06:52 GMT] 
info: ERR_WHILE_PARSING_QUERY [
  {
    "code": "invalid_type",
    "expected": "object",
    "received": "undefined",
    "path": [
      "filters"
    ],
    "message": "Required"
  },
  {
    "code": "unrecognized_keys",
    "keys": [
      "age"
    ],
    "path": [],
    "message": "Unrecognized key(s) in object: 'age'"
  }
]

[Sat, 22 Feb 2025 18:09:02 GMT] 
info: ERR_WHILE_PARSING_QUERY [
  {
    "code": "invalid_type",
    "expected": "object",
    "received": "undefined",
    "path": [
      "filters"
    ],
    "message": "Required"
  },
  {
    "code": "unrecognized_keys",
    "keys": [
      "filter"
    ],
    "path": [],
    "message": "Unrecognized key(s) in object: 'filter'"
  }
]

[Sat, 22 Feb 2025 18:09:58 GMT] 
info: Database connected

[Sat, 22 Feb 2025 18:09:58 GMT] 
info: Server listening on http://localhost:8000

[Sat, 22 Feb 2025 18:11:42 GMT] 
info: Database connected

[Sat, 22 Feb 2025 18:21:07 GMT] 
info: Database connected

[Sat, 22 Feb 2025 18:21:07 GMT] 
info: Server listening on http://localhost:8000

[Sat, 22 Feb 2025 18:22:50 GMT] 
info: Database connected

[Sat, 22 Feb 2025 18:22:50 GMT] 
info: Server listening on http://localhost:8000

[Sat, 22 Feb 2025 18:23:56 GMT] 
info: Database connected

[Sat, 22 Feb 2025 18:23:56 GMT] 
info: Server listening on http://localhost:8000

[Sat, 22 Feb 2025 18:24:21 GMT] 
info: Database connected

[Sat, 22 Feb 2025 18:24:21 GMT] 
info: Server listening on http://localhost:8000

[Sat, 22 Feb 2025 18:25:12 GMT] 
error: ERR_WHILE_CREATING_USER_ACCOUNT {
  "errors": {
    "fullname": {
      "name": "ValidatorError",
      "message": "Path `fullname` is required.",
      "properties": {
        "message": "Path `fullname` is required.",
        "type": "required",
        "path": "fullname"
      },
      "kind": "required",
      "path": "fullname"
    }
  },
  "_message": "User validation failed",
  "name": "ValidationError",
  "message": "User validation failed: fullname: Path `fullname` is required."
}

[Sat, 22 Feb 2025 18:28:06 GMT] 
info: Database connected

[Sat, 22 Feb 2025 18:28:06 GMT] 
info: Server listening on http://localhost:8000

[Sat, 22 Feb 2025 18:30:49 GMT] 
info: Database connected

[Sat, 22 Feb 2025 18:30:49 GMT] 
info: Server listening on http://localhost:8000

[Sat, 22 Feb 2025 18:36:36 GMT] 
info: Database connected

[Sat, 22 Feb 2025 18:36:36 GMT] 
info: Server listening on http://localhost:8000

[Sat, 22 Feb 2025 18:58:02 GMT] 
info: Database connected

[Sat, 22 Feb 2025 18:58:02 GMT] 
info: Server listening on http://localhost:8000

[Sat, 22 Feb 2025 18:59:25 GMT] 
info: Database connected

[Sat, 22 Feb 2025 18:59:25 GMT] 
info: Server listening on http://localhost:8000

[Sat, 22 Feb 2025 18:59:56 GMT] 
info: Database connected

[Sat, 22 Feb 2025 18:59:56 GMT] 
info: Server listening on http://localhost:8000

[Sat, 22 Feb 2025 19:00:04 GMT] 
info: Database connected

[Sat, 22 Feb 2025 19:00:04 GMT] 
info: Server listening on http://localhost:8000

[Sat, 22 Feb 2025 19:00:32 GMT] 
info: Database connected

[Sat, 22 Feb 2025 19:00:32 GMT] 
info: Server listening on http://localhost:8000

[Sat, 22 Feb 2025 19:00:50 GMT] 
info: Database connected

[Sat, 22 Feb 2025 19:00:50 GMT] 
info: Server listening on http://localhost:8000

[Sat, 22 Feb 2025 19:02:48 GMT] 
info: Database connected

[Sat, 22 Feb 2025 19:02:48 GMT] 
info: Server listening on http://localhost:8000

[Sat, 22 Feb 2025 19:03:47 GMT] 
info: Database connected

[Sat, 22 Feb 2025 19:03:47 GMT] 
info: Server listening on http://localhost:8000

[Sat, 22 Feb 2025 19:04:20 GMT] 
info: Database connected

[Sat, 22 Feb 2025 19:05:21 GMT] 
info: Database connected

[Sat, 22 Feb 2025 19:05:21 GMT] 
info: Server listening on http://localhost:8000

[Sat, 22 Feb 2025 19:06:33 GMT] 
info: Database connected

[Sat, 22 Feb 2025 19:06:33 GMT] 
info: Server listening on http://localhost:8000

[Sat, 22 Feb 2025 19:07:25 GMT] 
info: Database connected

[Sat, 22 Feb 2025 19:07:25 GMT] 
info: Server listening on http://localhost:8000

[Sat, 22 Feb 2025 19:09:50 GMT] 
info: Database connected

[Sat, 22 Feb 2025 19:09:50 GMT] 
info: Server listening on http://localhost:8000

[Sat, 22 Feb 2025 19:10:16 GMT] 
info: Database connected

[Sat, 22 Feb 2025 19:10:16 GMT] 
info: Server listening on http://localhost:8000

[Sat, 22 Feb 2025 19:10:33 GMT] 
info: Database connected

[Sat, 22 Feb 2025 19:10:33 GMT] 
info: Server listening on http://localhost:8000

[Sat, 22 Feb 2025 19:11:39 GMT] 
info: Database connected

[Sat, 22 Feb 2025 19:11:39 GMT] 
info: Server listening on http://localhost:8000

[Sat, 22 Feb 2025 19:15:04 GMT] 
info: Database connected

[Sat, 22 Feb 2025 19:15:04 GMT] 
info: Server listening on http://localhost:8000

[Sat, 22 Feb 2025 19:15:30 GMT] 
info: Database connected

[Sat, 22 Feb 2025 19:15:30 GMT] 
info: Server listening on http://localhost:8000

[Sat, 22 Feb 2025 19:23:58 GMT] 
info: Database connected

[Sat, 22 Feb 2025 19:23:58 GMT] 
info: Server listening on http://localhost:8000

[Sat, 22 Feb 2025 19:24:25 GMT] 
info: Database connected

[Sat, 22 Feb 2025 19:24:25 GMT] 
info: Server listening on http://localhost:8000

[Sat, 22 Feb 2025 19:24:47 GMT] 
info: Database connected

[Sat, 22 Feb 2025 19:24:47 GMT] 
info: Server listening on http://localhost:8000

[Sat, 22 Feb 2025 19:31:18 GMT] 
info: Database connected

[Sat, 22 Feb 2025 19:31:18 GMT] 
info: Server listening on http://localhost:8000

[Sat, 22 Feb 2025 19:57:10 GMT] 
info: Database connected

[Sat, 22 Feb 2025 19:57:16 GMT] 
info: Database connected

[Sat, 22 Feb 2025 19:57:16 GMT] 
info: Server listening on http://localhost:8000

[Sat, 22 Feb 2025 19:58:40 GMT] 
info: Database connected

[Sat, 22 Feb 2025 19:58:40 GMT] 
info: Server listening on http://localhost:8000

[Sat, 22 Feb 2025 20:01:04 GMT] 
error: AUTHENTICATION_ERROR: SyntaxError: Bad control character in string literal in JSON at position 16 (line 1 column 17)

[Sat, 22 Feb 2025 20:01:49 GMT] 
info: Database connected

[Sat, 22 Feb 2025 20:01:49 GMT] 
info: Server listening on http://localhost:8000

[Sat, 22 Feb 2025 20:02:12 GMT] 
error: AUTHENTICATION_ERROR: JsonWebTokenError: jwt must be provided

[Sat, 22 Feb 2025 20:02:38 GMT] 
error: AUTHENTICATION_ERROR: JsonWebTokenError: jwt must be provided

[Sat, 22 Feb 2025 20:52:10 GMT] 
info: Database connected

[Sat, 22 Feb 2025 20:52:10 GMT] 
info: Server listening on http://localhost:8000

[Sat, 22 Feb 2025 20:52:20 GMT] 
info: Database connected

[Sat, 22 Feb 2025 20:52:20 GMT] 
info: Server listening on http://localhost:8000

[Sat, 22 Feb 2025 20:52:54 GMT] 
info: Database connected

[Sat, 22 Feb 2025 20:52:54 GMT] 
info: Server listening on http://localhost:8000

[Sat, 22 Feb 2025 20:53:17 GMT] 
info: Database connected

[Sat, 22 Feb 2025 20:53:17 GMT] 
info: Server listening on http://localhost:8000

[Sat, 22 Feb 2025 20:53:41 GMT] 
info: Database connected

[Sat, 22 Feb 2025 20:53:41 GMT] 
info: Server listening on http://localhost:8000

[Sat, 22 Feb 2025 20:54:07 GMT] 
info: Database connected

[Sat, 22 Feb 2025 20:54:07 GMT] 
info: Server listening on http://localhost:8000

[Sat, 22 Feb 2025 21:13:11 GMT] 
info: Database connected

[Sat, 22 Feb 2025 21:13:11 GMT] 
info: Server listening on http://localhost:8000

[Sat, 22 Feb 2025 21:14:10 GMT] 
info: Database connected

[Sat, 22 Feb 2025 21:14:10 GMT] 
info: Server listening on http://localhost:8000

[Sat, 22 Feb 2025 21:14:57 GMT] 
info: Database connected

[Sat, 22 Feb 2025 21:14:57 GMT] 
info: Server listening on http://localhost:8000

[Sat, 22 Feb 2025 21:15:30 GMT] 
info: Database connected

[Sat, 22 Feb 2025 21:15:30 GMT] 
info: Server listening on http://localhost:8000

[Sat, 22 Feb 2025 21:22:00 GMT] 
info: Database connected

[Sat, 22 Feb 2025 21:22:00 GMT] 
info: Server listening on http://localhost:8000

[Sat, 22 Feb 2025 21:22:06 GMT] 
info: Database connected

[Sat, 22 Feb 2025 21:22:06 GMT] 
info: Server listening on http://localhost:8000

[Sat, 22 Feb 2025 21:24:38 GMT] 
info: Database connected

[Sat, 22 Feb 2025 21:24:38 GMT] 
info: Server listening on http://localhost:8000

[Sat, 22 Feb 2025 21:25:40 GMT] 
info: Database connected

[Sat, 22 Feb 2025 21:25:40 GMT] 
info: Server listening on http://localhost:8000

[Sat, 22 Feb 2025 21:26:40 GMT] 
info: Database connected

[Sat, 22 Feb 2025 21:26:40 GMT] 
info: Server listening on http://localhost:8000

[Sat, 22 Feb 2025 21:26:59 GMT] 
info: Database connected

[Sat, 22 Feb 2025 21:26:59 GMT] 
info: Server listening on http://localhost:8000

[Sat, 22 Feb 2025 21:28:01 GMT] 
error: Error handling magic url verification-verification request: Error: cookieParser("secret") required for signed cookies

[Sat, 22 Feb 2025 21:28:51 GMT] 
info: Database connected

[Sat, 22 Feb 2025 21:28:51 GMT] 
info: Server listening on http://localhost:8000

[Sat, 22 Feb 2025 21:29:39 GMT] 
info: Database connected

[Sat, 22 Feb 2025 21:29:39 GMT] 
info: Server listening on http://localhost:8000

[Sat, 22 Feb 2025 21:29:53 GMT] 
info: Database connected

[Sat, 22 Feb 2025 21:29:53 GMT] 
info: Server listening on http://localhost:8000

[Sat, 22 Feb 2025 21:30:19 GMT] 
info: Database connected

[Sat, 22 Feb 2025 21:30:19 GMT] 
info: Server listening on http://localhost:8000

[Sat, 22 Feb 2025 21:30:35 GMT] 
info: Database connected

[Sat, 22 Feb 2025 21:30:35 GMT] 
info: Server listening on http://localhost:8000

[Sat, 22 Feb 2025 21:34:04 GMT] 
info: ERR_WHILE_PARSING_QUERY SyntaxError: Unexpected token 'i', "filters:{us"... is not valid JSON

[Sat, 22 Feb 2025 21:34:47 GMT] 
info: ERR_WHILE_PARSING_QUERY SyntaxError: Expected property name or '}' in JSON at position 1 (line 1 column 2)

[Sat, 22 Feb 2025 21:36:41 GMT] 
info: Database connected

[Sat, 22 Feb 2025 21:36:41 GMT] 
info: Server listening on http://localhost:8000

[Sat, 22 Feb 2025 21:45:08 GMT] 
info: Database connected
