
[Fri, 20 Dec 2024 14:31:15 GMT] 
info:  485ms POST /magic-url/generate 404 ::1 [{"email":"itsraghav1122@gmail.com"}] 

[Fri, 20 Dec 2024 14:32:07 GMT] 
info:  408ms POST /magic-url/generate 404 ::1 [{"email":"itsraghav112@gmail.com"}] 

[Fri, 20 Dec 2024 14:32:41 GMT] 
info:  441ms POST /magic-url/generate 404 ::1 [{"email":"itsraghav1@gmail.com"}] 

[Fri, 20 Dec 2024 14:36:45 GMT] 
info:  399ms POST /magic-url/generate 404 ::1 [{"email":"itsraghav12@gmaiill.com"}] 

[Fri, 20 Dec 2024 14:38:20 GMT] 
info:  482ms POST /magic-url/generate 404 ::1 [{"email":"itsraghav12@gmaiil.com"}] 

[Fri, 20 Dec 2024 14:38:21 GMT] 
info:  410ms POST /magic-url/generate 404 ::1 [{"email":"itsraghav12@gmaiil.com"}] 

[Fri, 20 Dec 2024 15:55:18 GMT] 
info:  1149ms POST /login 200 ::1 [{"email":"filogadmin@gmail.com","password":"raghav12"}] 

[Fri, 20 Dec 2024 15:55:23 GMT] 
info:  1251ms GET /blogs 200 ::1 [{}] 

[Fri, 20 Dec 2024 15:58:36 GMT] 
info:  1292ms GET /blogs 200 ::1 [{}] 

[Fri, 20 Dec 2024 16:00:18 GMT] 
info:  1426ms GET /blogs 200 ::1 [{}] 

[Fri, 20 Dec 2024 16:01:57 GMT] 
info:  1597ms GET /blogs 200 ::1 [{}] 

[Fri, 20 Dec 2024 16:02:29 GMT] 
info:  1274ms GET /users 200 ::1 [{}] 

[Fri, 20 Dec 2024 17:10:04 GMT] 
info:  27ms GET / 200 ::1 [{}] 

[Fri, 20 Dec 2024 17:10:04 GMT] 
info:  4ms GET /meta/site.webmanifest 200 ::1 [{}] 

[Fri, 20 Dec 2024 17:10:04 GMT] 
info:  5ms GET /meta/favicon-32x32.png 200 ::1 [{}] 

[Fri, 20 Dec 2024 17:10:09 GMT] 
info:  3ms GET /meta/site.webmanifest 304 ::1 [{}] 

[Fri, 20 Dec 2024 17:10:09 GMT] 
info:  9ms GET /meta/meta/android-chrome-192x192.png 404 ::1 [{}] 

[Fri, 20 Dec 2024 17:10:09 GMT] 
info:  5ms GET /meta/meta/android-chrome-192x192.png 404 ::1 [{}] 

[Fri, 20 Dec 2024 17:10:09 GMT] 
info:  2ms GET /meta/meta/android-chrome-512x512.png 404 ::1 [{}] 

[Fri, 20 Dec 2024 17:10:09 GMT] 
info:  17ms GET / 200 ::1 [{}] 

[Fri, 20 Dec 2024 17:10:09 GMT] 
info:  8ms GET /meta/site.webmanifest 200 ::1 [{}] 

[Fri, 20 Dec 2024 17:10:09 GMT] 
info:  15ms GET /meta/favicon-32x32.png 200 ::1 [{}] 

[Fri, 20 Dec 2024 17:10:10 GMT] 
info:  4ms GET /meta/meta/android-chrome-192x192.png 404 ::1 [{}] 

[Fri, 20 Dec 2024 17:10:10 GMT] 
info:  3ms GET /meta/meta/android-chrome-192x192.png 404 ::1 [{}] 

[Fri, 20 Dec 2024 17:10:10 GMT] 
info:  1ms GET /meta/meta/android-chrome-512x512.png 404 ::1 [{}] 

[Fri, 20 Dec 2024 17:10:10 GMT] 
info:  3ms GET / 200 ::1 [{}] 

[Fri, 20 Dec 2024 17:10:10 GMT] 
info:  12ms GET /meta/site.webmanifest 200 ::1 [{}] 

[Fri, 20 Dec 2024 17:10:10 GMT] 
info:  11ms GET /meta/favicon-32x32.png 200 ::1 [{}] 

[Fri, 20 Dec 2024 17:10:10 GMT] 
info:  2ms GET /meta/meta/android-chrome-192x192.png 404 ::1 [{}] 

[Fri, 20 Dec 2024 17:10:10 GMT] 
info:  1ms GET /meta/meta/android-chrome-192x192.png 404 ::1 [{}] 

[Fri, 20 Dec 2024 17:10:10 GMT] 
info:  1ms GET /meta/meta/android-chrome-512x512.png 404 ::1 [{}] 

[Fri, 20 Dec 2024 17:10:10 GMT] 
info:  3ms GET / 200 ::1 [{}] 

[Fri, 20 Dec 2024 17:10:10 GMT] 
info:  6ms GET /meta/site.webmanifest 200 ::1 [{}] 

[Fri, 20 Dec 2024 17:10:10 GMT] 
info:  6ms GET /meta/favicon-32x32.png 200 ::1 [{}] 

[Fri, 20 Dec 2024 17:10:11 GMT] 
info:  3ms GET /meta/meta/android-chrome-192x192.png 404 ::1 [{}] 

[Fri, 20 Dec 2024 17:10:11 GMT] 
info:  1ms GET /meta/meta/android-chrome-192x192.png 404 ::1 [{}] 

[Fri, 20 Dec 2024 17:10:11 GMT] 
info:  0ms GET /meta/meta/android-chrome-512x512.png 404 ::1 [{}] 

[Fri, 20 Dec 2024 17:10:11 GMT] 
info:  3ms GET / 200 ::1 [{}] 

[Fri, 20 Dec 2024 17:10:11 GMT] 
info:  7ms GET /meta/site.webmanifest 200 ::1 [{}] 

[Fri, 20 Dec 2024 17:10:11 GMT] 
info:  8ms GET /meta/favicon-32x32.png 200 ::1 [{}] 

[Fri, 20 Dec 2024 17:10:11 GMT] 
info:  2ms GET /meta/meta/android-chrome-192x192.png 404 ::1 [{}] 

[Fri, 20 Dec 2024 17:10:11 GMT] 
info:  2ms GET /meta/meta/android-chrome-192x192.png 404 ::1 [{}] 

[Fri, 20 Dec 2024 17:10:11 GMT] 
info:  1ms GET /meta/meta/android-chrome-512x512.png 404 ::1 [{}] 

[Fri, 20 Dec 2024 17:10:11 GMT] 
info:  2ms GET / 200 ::1 [{}] 

[Fri, 20 Dec 2024 17:10:11 GMT] 
info:  15ms GET /meta/site.webmanifest 200 ::1 [{}] 

[Fri, 20 Dec 2024 17:10:11 GMT] 
info:  16ms GET /meta/favicon-32x32.png 200 ::1 [{}] 

[Fri, 20 Dec 2024 17:10:11 GMT] 
info:  1ms GET /meta/meta/android-chrome-192x192.png 404 ::1 [{}] 

[Fri, 20 Dec 2024 17:10:11 GMT] 
info:  1ms GET /meta/meta/android-chrome-192x192.png 404 ::1 [{}] 

[Fri, 20 Dec 2024 17:10:11 GMT] 
info:  2ms GET /meta/meta/android-chrome-512x512.png 404 ::1 [{}] 

[Fri, 20 Dec 2024 17:13:01 GMT] 
info:  4ms GET / 200 ::1 [{}] 

[Fri, 20 Dec 2024 17:13:01 GMT] 
info:  3ms GET /meta/site.webmanifest 200 ::1 [{}] 

[Fri, 20 Dec 2024 17:13:01 GMT] 
info:  1ms GET /meta/meta/android-chrome-192x192.png 404 ::1 [{}] 

[Fri, 20 Dec 2024 17:13:01 GMT] 
info:  1ms GET /meta/meta/android-chrome-192x192.png 404 ::1 [{}] 

[Fri, 20 Dec 2024 17:13:01 GMT] 
info:  2ms GET /meta/meta/android-chrome-512x512.png 404 ::1 [{}] 
